[0.020s] Invoking command in '/home/pc/gazebo_maritime_ws/build/gazebo_maritime': DEBUGINFOD_URLS=https://debuginfod.ubuntu.com /usr/bin/cmake --build /home/pc/gazebo_maritime_ws/build/gazebo_maritime -- -j16 -l16
[0.117s] [ 25%] Built target Waves
[0.164s] [ 50%] Built target WaveVisual
[0.165s] [ 75%] Built target PublisherPlugin
[0.167s] [100%] Built target Surface
[0.368s] Invoked command in '/home/pc/gazebo_maritime_ws/build/gazebo_maritime' returned '0': DEBUGINFOD_URLS=https://debuginfod.ubuntu.com /usr/bin/cmake --build /home/pc/gazebo_maritime_ws/build/gazebo_maritime -- -j16 -l16
[0.386s] Invoking command in '/home/pc/gazebo_maritime_ws/build/gazebo_maritime': DEBUGINFOD_URLS=https://debuginfod.ubuntu.com /usr/bin/cmake --install /home/pc/gazebo_maritime_ws/build/gazebo_maritime
[0.402s] -- Install configuration: ""
[0.402s] -- Up-to-date: /home/pc/gazebo_maritime_ws/install/lib/libWaves.so
[0.402s] -- Up-to-date: /home/pc/gazebo_maritime_ws/install/lib/libPublisherPlugin.so
[0.403s] -- Up-to-date: /home/pc/gazebo_maritime_ws/install/lib/libSurface.so
[0.404s] -- Up-to-date: /home/pc/gazebo_maritime_ws/install/lib/libWaveVisual.so
[0.404s] -- Up-to-date: /home/pc/gazebo_maritime_ws/install/share/gazebo_maritime/models
[0.404s] -- Up-to-date: /home/pc/gazebo_maritime_ws/install/share/gazebo_maritime/models/coast_waves
[0.404s] -- Up-to-date: /home/pc/gazebo_maritime_ws/install/share/gazebo_maritime/models/coast_waves/materials
[0.405s] -- Up-to-date: /home/pc/gazebo_maritime_ws/install/share/gazebo_maritime/models/coast_waves/materials/programs
[0.405s] -- Up-to-date: /home/pc/gazebo_maritime_ws/install/share/gazebo_maritime/models/coast_waves/materials/programs/GerstnerWaves_fs_330.glsl
[0.405s] -- Up-to-date: /home/pc/gazebo_maritime_ws/install/share/gazebo_maritime/models/coast_waves/materials/programs/GerstnerWaves_vs_330.glsl
[0.405s] -- Up-to-date: /home/pc/gazebo_maritime_ws/install/share/gazebo_maritime/models/coast_waves/materials/textures
[0.405s] -- Up-to-date: /home/pc/gazebo_maritime_ws/install/share/gazebo_maritime/models/coast_waves/materials/textures/wave_normals.dds
[0.406s] -- Up-to-date: /home/pc/gazebo_maritime_ws/install/share/gazebo_maritime/models/coast_waves/materials/textures/skybox_lowres.dds
[0.406s] -- Up-to-date: /home/pc/gazebo_maritime_ws/install/share/gazebo_maritime/models/coast_waves/model.config
[0.406s] -- Up-to-date: /home/pc/gazebo_maritime_ws/install/share/gazebo_maritime/models/coast_waves/model.sdf
[0.406s] -- Up-to-date: /home/pc/gazebo_maritime_ws/install/share/gazebo_maritime/models/coast_waves/meshes
[0.406s] -- Up-to-date: /home/pc/gazebo_maritime_ws/install/share/gazebo_maritime/models/coast_waves/meshes/waterlow.dae
[0.406s] -- Up-to-date: /home/pc/gazebo_maritime_ws/install/share/gazebo_maritime/models/wam-v
[0.407s] -- Up-to-date: /home/pc/gazebo_maritime_ws/install/share/gazebo_maritime/models/wam-v/model.config
[0.407s] -- Up-to-date: /home/pc/gazebo_maritime_ws/install/share/gazebo_maritime/models/wam-v/model.sdf
[0.407s] -- Up-to-date: /home/pc/gazebo_maritime_ws/install/share/gazebo_maritime/models/wam-v/meshes
[0.407s] -- Up-to-date: /home/pc/gazebo_maritime_ws/install/share/gazebo_maritime/models/wam-v/meshes/propeller.dae
[0.407s] -- Up-to-date: /home/pc/gazebo_maritime_ws/install/share/gazebo_maritime/models/wam-v/meshes/WamV.png
[0.407s] -- Up-to-date: /home/pc/gazebo_maritime_ws/install/share/gazebo_maritime/models/wam-v/meshes/WAM-V-Base.dae
[0.408s] -- Up-to-date: /home/pc/gazebo_maritime_ws/install/share/gazebo_maritime/models/wam-v/meshes/engine.dae
[0.408s] -- Up-to-date: /home/pc/gazebo_maritime_ws/install/share/gazebo_maritime/worlds
[0.409s] -- Up-to-date: /home/pc/gazebo_maritime_ws/install/share/gazebo_maritime/worlds/sydney_regatta.sdf
[0.410s] Invoked command in '/home/pc/gazebo_maritime_ws/build/gazebo_maritime' returned '0': DEBUGINFOD_URLS=https://debuginfod.ubuntu.com /usr/bin/cmake --install /home/pc/gazebo_maritime_ws/build/gazebo_maritime
