[0.007s] Invoking command in '/home/pc/gazebo_maritime_ws/build/gazebo_maritime': DEBUGINFOD_URLS=https://debuginfod.ubuntu.com /usr/bin/cmake /home/pc/gazebo_maritime_ws/src/gazebo_maritime -DCMAKE_INSTALL_PREFIX=/home/pc/gazebo_maritime_ws/install
[0.089s] -- The C compiler identification is GNU 13.3.0
[0.160s] -- The CXX compiler identification is GNU 13.3.0
[0.176s] -- Detecting C compiler ABI info
[0.253s] -- Detecting C compiler ABI info - done
[0.259s] -- Check for working C compiler: /usr/bin/cc - skipped
[0.259s] -- Detecting C compile features
[0.259s] -- Detecting C compile features - done
[0.268s] -- Detecting CXX compiler ABI info
[0.347s] -- Detecting CXX compiler ABI info - done
[0.354s] -- Check for working CXX compiler: /usr/bin/c++ - skipped
[0.354s] -- Detecting CXX compile features
[0.354s] -- Detecting CXX compile features - done
[0.360s] -- Looking for gz-sim8 -- found version 8.9.0
[0.368s] -- Searching for dependencies of gz-sim8
[0.369s] -- Looking for sdformat14 -- found version 14.7.0
[0.369s] -- Searching for dependencies of sdformat14
[0.375s] -- Checking for module 'tinyxml2'
[0.388s] --   Found tinyxml2, version 10.0.0
[0.416s] -- Looking for gz-math7 -- found version 7.5.2
[0.417s] -- Searching for dependencies of gz-math7
[0.418s] -- Looking for gz-utils2 -- found version 2.2.1
[0.418s] -- Searching for dependencies of gz-utils2
[0.419s] -- Looking for gz-utils2 -- found version 2.2.1
[0.419s] -- Searching for dependencies of gz-utils2
[0.419s] -- Searching for <gz-utils2> component [cli]
[0.420s] -- Looking for gz-utils2-cli -- found version 2.2.1
[0.420s] -- Searching for dependencies of gz-utils2-cli
[0.422s] -- Looking for gz-plugin2 -- found version 2.0.4
[0.422s] -- Searching for dependencies of gz-plugin2
[0.422s] -- Looking for gz-utils2 -- found version 2.2.1
[0.423s] -- Searching for <gz-plugin2> component [loader]
[0.424s] -- Looking for gz-plugin2-loader -- found version 2.0.4
[0.424s] -- Searching for dependencies of gz-plugin2-loader
[0.424s] -- Searching for <gz-plugin2> component [register]
[0.425s] -- Looking for gz-plugin2-register -- found version 2.0.4
[0.426s] -- Searching for dependencies of gz-plugin2-register
[0.427s] -- Looking for gz-transport13 -- found version 13.4.1
[0.427s] -- Searching for dependencies of gz-transport13
[0.526s] -- Found Protobuf: /usr/lib/x86_64-linux-gnu/libprotobuf.so (found version "3.21.12") 
[0.535s] -- Config-file not installed for ZeroMQ -- checking for pkg-config
[0.539s] -- Checking for module 'libzmq >= 4'
[0.551s] --   Found libzmq, version 4.3.5
[0.585s] -- Found ZeroMQ: TRUE (Required is at least version "4") 
[0.590s] -- Checking for module 'uuid'
[0.601s] --   Found uuid, version 2.39.3
[0.628s] -- Found UUID: TRUE  
[0.628s] -- Looking for gz-utils2 -- found version 2.2.1
[0.631s] -- Looking for gz-msgs10 -- found version 10.3.2
[0.631s] -- Searching for dependencies of gz-msgs10
[0.645s] -- Looking for gz-utils2 -- found version 2.2.1
[0.645s] -- Looking for gz-math7 -- found version 7.5.2
[0.756s] -- Found Python3: /usr/bin/python3 (found version "3.12.3") found components: Interpreter 
[0.759s] -- Searching for <gz-transport13> component [log]
[0.760s] -- Looking for gz-transport13-log -- found version 13.4.1
[0.760s] -- Searching for dependencies of gz-transport13-log
[0.761s] -- Searching for <gz-transport13> component [parameters]
[0.762s] -- Looking for gz-transport13-parameters -- found version 13.4.1
[0.762s] -- Searching for dependencies of gz-transport13-parameters
[0.762s] -- Looking for gz-msgs10 -- found version 10.3.2
[0.763s] -- Looking for gz-common5 -- found version 5.7.1
[0.763s] -- Searching for dependencies of gz-common5
[0.764s] -- Looking for gz-utils2 -- found version 2.2.1
[0.764s] -- Looking for dlfcn.h - found
[0.765s] -- Looking for libdl - found
[0.766s] -- Found DL: TRUE  
[0.771s] -- Searching for <gz-common5> component [av]
[0.772s] -- Looking for gz-common5-av -- found version 5.7.1
[0.772s] -- Searching for dependencies of gz-common5-av
[0.776s] -- Checking for module 'libswscale'
[0.789s] --   Found libswscale, version 7.5.100
[0.818s] -- Found SWSCALE: TRUE  
[0.823s] -- Checking for module 'libavdevice >= 56.4.100'
[0.844s] --   Found libavdevice, version 60.3.100
[0.909s] -- Found AVDEVICE: TRUE (Required is at least version "56.4.100") 
[0.917s] -- Checking for module 'libavformat'
[0.938s] --   Found libavformat, version 60.16.100
[0.992s] -- Found AVFORMAT: TRUE  
[1.001s] -- Checking for module 'libavcodec'
[1.017s] --   Found libavcodec, version 60.31.102
[1.071s] -- Found AVCODEC: TRUE  
[1.079s] -- Checking for module 'libavutil'
[1.100s] --   Found libavutil, version 58.29.100
[1.149s] -- Found AVUTIL: TRUE  
[1.151s] -- Searching for <gz-common5> component [events]
[1.154s] -- Looking for gz-common5-events -- found version 5.7.1
[1.154s] -- Searching for dependencies of gz-common5-events
[1.155s] -- Looking for gz-math7 -- found version 7.5.2
[1.156s] -- Searching for <gz-common5> component [graphics]
[1.158s] -- Looking for gz-common5-graphics -- found version 5.7.1
[1.158s] -- Searching for dependencies of gz-common5-graphics
[1.158s] -- Looking for gz-math7 -- found version 7.5.2
[1.162s] -- Found GzAssimp: TRUE (found version "5.3.0") 
[1.162s] -- Searching for <gz-common5> component [io]
[1.163s] -- Looking for gz-common5-io -- found version 5.7.1
[1.163s] -- Searching for dependencies of gz-common5-io
[1.163s] -- Searching for <gz-common5> component [profiler]
[1.165s] -- Looking for gz-common5-profiler -- found version 5.7.1
[1.165s] -- Searching for dependencies of gz-common5-profiler
[1.166s] -- Looking for gz-fuel_tools9 -- found version 9.1.1
[1.166s] -- Searching for dependencies of gz-fuel_tools9
[1.263s] -- Found CURL: /usr/lib/x86_64-linux-gnu/libcurl.so (found version "8.5.0")  
[1.270s] -- Checking for module 'jsoncpp'
[1.286s] --   Found jsoncpp, version 1.9.5
[1.332s] -- Found JSONCPP: TRUE  
[1.345s] -- Checking for module 'yaml-0.1'
[1.359s] --   Found yaml-0.1, version 0.2.5
[1.407s] -- Found YAML: TRUE  
[1.414s] -- Checking for module 'libzip'
[1.437s] --   Found libzip, version 1.7.3
[1.485s] -- Found ZIP: TRUE  
[1.486s] -- Looking for gz-utils2 -- found version 2.2.1
[1.486s] -- Looking for gz-common5 -- found version 5.7.1
[1.487s] -- Searching for dependencies of gz-common5
[1.487s] -- Looking for gz-utils2 -- found version 2.2.1
[1.487s] -- Looking for dlfcn.h - found
[1.488s] -- Looking for libdl - found
[1.496s] -- Searching for <gz-common5> component [testing]
[1.498s] -- Looking for gz-common5-testing -- found version 5.7.1
[1.498s] -- Searching for dependencies of gz-common5-testing
[1.500s] -- Looking for gz-math7 -- found version 7.5.2
[1.500s] -- Looking for gz-msgs10 -- found version 10.3.2
[1.503s] -- Looking for gz-gui8 -- found version 8.4.0
[1.503s] -- Searching for dependencies of gz-gui8
[1.521s] -- Looking for gz-utils2 -- found version 2.2.1
[1.521s] -- Looking for gz-math7 -- found version 7.5.2
[1.522s] -- Looking for gz-common5 -- found version 5.7.1
[1.522s] -- Looking for gz-plugin2 -- found version 2.0.4
[1.522s] -- Looking for gz-transport13 -- found version 13.4.1
[1.525s] -- Looking for gz-rendering8 -- found version 8.2.2
[1.525s] -- Searching for dependencies of gz-rendering8
[1.525s] -- Looking for gz-math7 -- found version 7.5.2
[1.525s] -- Searching for dependencies of gz-math7
[1.526s] -- Looking for gz-utils2 -- found version 2.2.1
[1.526s] -- Searching for <gz-math7> component [eigen3]
[1.528s] -- Looking for gz-math7-eigen3 -- found version 7.5.2
[1.528s] -- Searching for dependencies of gz-math7-eigen3
[1.534s] -- Looking for gz-common5 -- found version 5.7.1
[1.534s] -- Searching for dependencies of gz-common5
[1.535s] -- Looking for gz-utils2 -- found version 2.2.1
[1.535s] -- Looking for dlfcn.h - found
[1.535s] -- Looking for libdl - found
[1.542s] -- Searching for <gz-common5> component [graphics]
[1.542s] -- Searching for <gz-common5> component [events]
[1.542s] -- Searching for <gz-common5> component [geospatial]
[1.543s] -- Looking for gz-common5-geospatial -- found version 5.7.1
[1.544s] -- Searching for dependencies of gz-common5-geospatial
[1.544s] -- Looking for gz-math7 -- found version 7.5.2
[1.544s] -- Looking for gz-common5 -- found version 5.7.1
[1.545s] -- Looking for gz-plugin2 -- found version 2.0.4
[1.546s] -- Searching for dependencies of gz-plugin2
[1.546s] -- Looking for gz-utils2 -- found version 2.2.1
[1.546s] -- Searching for <gz-plugin2> component [all]
[1.547s] -- Looking for all libraries of gz-plugin2 -- found version 2.0.4
[1.548s] -- Looking for gz-plugin2 -- found version 2.0.4
[1.549s] -- Looking for gz-utils2 -- found version 2.2.1
[1.555s] -- Found OpenGL: /usr/lib/x86_64-linux-gnu/libOpenGL.so  found components: OpenGL 
[1.556s] -- Looking for gz-msgs10 -- found version 10.3.2
[1.576s] -- Looking for gz-physics7 -- found version 7.5.0
[1.576s] -- Searching for dependencies of gz-physics7
[1.576s] -- Looking for gz-common5 -- found version 5.7.1
[1.576s] -- Looking for gz-math7 -- found version 7.5.2
[1.577s] -- Looking for gz-plugin2 -- found version 2.0.4
[1.577s] -- Looking for gz-utils2 -- found version 2.2.1
[1.578s] -- Searching for <gz-physics7> component [heightmap]
[1.579s] -- Looking for gz-physics7-heightmap -- found version 7.5.0
[1.579s] -- Searching for dependencies of gz-physics7-heightmap
[1.579s] -- Looking for gz-common5 -- found version 5.7.1
[1.579s] -- Searching for <gz-physics7> component [mesh]
[1.580s] -- Looking for gz-physics7-mesh -- found version 7.5.0
[1.580s] -- Searching for dependencies of gz-physics7-mesh
[1.580s] -- Looking for gz-common5 -- found version 5.7.1
[1.581s] -- Searching for <gz-physics7> component [sdf]
[1.582s] -- Looking for gz-physics7-sdf -- found version 7.5.0
[1.582s] -- Searching for dependencies of gz-physics7-sdf
[1.582s] -- Looking for sdformat14 -- found version 14.7.0
[1.583s] -- Looking for gz-sensors8 -- found version 8.2.2
[1.583s] -- Searching for dependencies of gz-sensors8
[1.595s] -- Looking for gz-math7 -- found version 7.5.2
[1.595s] -- Looking for gz-common5 -- found version 5.7.1
[1.595s] -- Looking for gz-transport13 -- found version 13.4.1
[1.595s] -- Looking for gz-rendering8 -- found version 8.2.2
[1.595s] -- Looking for gz-msgs10 -- found version 10.3.2
[1.596s] -- Looking for sdformat14 -- found version 14.7.0
[1.596s] -- Searching for <gz-sensors8> component [air_pressure]
[1.597s] -- Looking for gz-sensors8-air_pressure -- found version 8.2.2
[1.597s] -- Searching for dependencies of gz-sensors8-air_pressure
[1.597s] -- Searching for <gz-sensors8> component [air_speed]
[1.598s] -- Looking for gz-sensors8-air_speed -- found version 8.2.2
[1.598s] -- Searching for dependencies of gz-sensors8-air_speed
[1.599s] -- Searching for <gz-sensors8> component [altimeter]
[1.599s] -- Looking for gz-sensors8-altimeter -- found version 8.2.2
[1.599s] -- Searching for dependencies of gz-sensors8-altimeter
[1.600s] -- Searching for <gz-sensors8> component [imu]
[1.600s] -- Looking for gz-sensors8-imu -- found version 8.2.2
[1.600s] -- Searching for dependencies of gz-sensors8-imu
[1.601s] -- Searching for <gz-sensors8> component [force_torque]
[1.602s] -- Looking for gz-sensors8-force_torque -- found version 8.2.2
[1.602s] -- Searching for dependencies of gz-sensors8-force_torque
[1.602s] -- Searching for <gz-sensors8> component [logical_camera]
[1.603s] -- Looking for gz-sensors8-logical_camera -- found version 8.2.2
[1.603s] -- Searching for dependencies of gz-sensors8-logical_camera
[1.603s] -- Searching for <gz-sensors8> component [magnetometer]
[1.604s] -- Looking for gz-sensors8-magnetometer -- found version 8.2.2
[1.604s] -- Searching for dependencies of gz-sensors8-magnetometer
[1.604s] -- Searching for <gz-sensors8> component [navsat]
[1.605s] -- Looking for gz-sensors8-navsat -- found version 8.2.2
[1.605s] -- Searching for dependencies of gz-sensors8-navsat
[1.606s] -- Searching for <gz-sensors8> component [dvl]
[1.606s] -- Looking for gz-sensors8-dvl -- found version 8.2.2
[1.606s] -- Searching for dependencies of gz-sensors8-dvl
[1.607s] -- Looking for gz-sensors8 -- found version 8.2.2
[1.607s] -- Searching for dependencies of gz-sensors8
[1.620s] -- Looking for gz-math7 -- found version 7.5.2
[1.620s] -- Looking for gz-common5 -- found version 5.7.1
[1.620s] -- Looking for gz-transport13 -- found version 13.4.1
[1.620s] -- Looking for gz-rendering8 -- found version 8.2.2
[1.621s] -- Looking for gz-msgs10 -- found version 10.3.2
[1.621s] -- Looking for sdformat14 -- found version 14.7.0
[1.621s] -- Searching for <gz-sensors8> component [rendering]
[1.622s] -- Looking for gz-sensors8-rendering -- found version 8.2.2
[1.622s] -- Searching for dependencies of gz-sensors8-rendering
[1.623s] -- Searching for <gz-sensors8> component [rendering]
[1.623s] -- Searching for <gz-sensors8> component [lidar]
[1.623s] -- Looking for gz-sensors8-lidar -- found version 8.2.2
[1.623s] -- Searching for dependencies of gz-sensors8-lidar
[1.624s] -- Looking for gz-sensors8 -- found version 8.2.2
[1.624s] -- Searching for <gz-sensors8> component [gpu_lidar]
[1.625s] -- Looking for gz-sensors8-gpu_lidar -- found version 8.2.2
[1.625s] -- Searching for dependencies of gz-sensors8-gpu_lidar
[1.625s] -- Looking for gz-sensors8 -- found version 8.2.2
[1.626s] -- Searching for <gz-sensors8> component [camera]
[1.627s] -- Looking for gz-sensors8-camera -- found version 8.2.2
[1.627s] -- Searching for dependencies of gz-sensors8-camera
[1.627s] -- Looking for gz-sensors8 -- found version 8.2.2
[1.628s] -- Searching for <gz-sensors8> component [boundingbox_camera]
[1.628s] -- Looking for gz-sensors8-boundingbox_camera -- found version 8.2.2
[1.628s] -- Searching for dependencies of gz-sensors8-boundingbox_camera
[1.629s] -- Searching for <gz-sensors8> component [segmentation_camera]
[1.630s] -- Looking for gz-sensors8-segmentation_camera -- found version 8.2.2
[1.630s] -- Searching for dependencies of gz-sensors8-segmentation_camera
[1.630s] -- Searching for <gz-sensors8> component [depth_camera]
[1.631s] -- Looking for gz-sensors8-depth_camera -- found version 8.2.2
[1.631s] -- Searching for dependencies of gz-sensors8-depth_camera
[1.631s] -- Looking for gz-sensors8 -- found version 8.2.2
[1.632s] -- Searching for <gz-sensors8> component [rgbd_camera]
[1.632s] -- Looking for gz-sensors8-rgbd_camera -- found version 8.2.2
[1.632s] -- Searching for dependencies of gz-sensors8-rgbd_camera
[1.633s] -- Looking for gz-sensors8 -- found version 8.2.2
[1.633s] -- Searching for <gz-sensors8> component [thermal_camera]
[1.634s] -- Looking for gz-sensors8-thermal_camera -- found version 8.2.2
[1.634s] -- Searching for dependencies of gz-sensors8-thermal_camera
[1.634s] -- Looking for gz-sensors8 -- found version 8.2.2
[1.635s] -- Searching for <gz-sensors8> component [wide_angle_camera]
[1.635s] -- Looking for gz-sensors8-wide_angle_camera -- found version 8.2.2
[1.635s] -- Searching for dependencies of gz-sensors8-wide_angle_camera
[1.636s] -- Looking for gz-rendering8 -- found version 8.2.2
[1.636s] -- Looking for gz-math7 -- found version 7.5.2
[1.636s] -- Looking for gz-utils2 -- found version 2.2.1
[1.650s] -- Looking for gz-common5 -- found version 5.7.1
[1.650s] -- Looking for gz-math7 -- found version 7.5.2
[1.650s] -- Looking for gz-msgs10 -- found version 10.3.2
[1.650s] -- Looking for gz-transport13 -- found version 13.4.1
[1.650s] -- Looking for gz-plugin2 -- found version 2.0.4
[1.651s] -- Looking for gz-rendering8 -- found version 8.2.2
[1.651s] -- Looking for gz-sensors8 -- found version 8.2.2
[1.651s] -- Looking for gz-utils2 -- found version 2.2.1
[1.651s] -- Looking for sdformat14 -- found version 14.7.0
[1.652s] -- Configuring done (1.6s)
[1.667s] -- Generating done (0.0s)
[1.671s] -- Build files have been written to: /home/pc/gazebo_maritime_ws/build/gazebo_maritime
[1.678s] Invoked command in '/home/pc/gazebo_maritime_ws/build/gazebo_maritime' returned '0': DEBUGINFOD_URLS=https://debuginfod.ubuntu.com /usr/bin/cmake /home/pc/gazebo_maritime_ws/src/gazebo_maritime -DCMAKE_INSTALL_PREFIX=/home/pc/gazebo_maritime_ws/install
[1.678s] Invoking command in '/home/pc/gazebo_maritime_ws/build/gazebo_maritime': DEBUGINFOD_URLS=https://debuginfod.ubuntu.com /usr/bin/cmake --build /home/pc/gazebo_maritime_ws/build/gazebo_maritime -- -j16 -l16
[1.722s] [ 12%] [32mBuilding CXX object CMakeFiles/Waves.dir/src/Wavefield.cc.o[0m
[3.660s] [ 25%] [32m[1mLinking CXX shared library libWaves.so[0m
[3.785s] [ 25%] Built target Waves
[3.804s] [ 37%] [32mBuilding CXX object CMakeFiles/PublisherPlugin.dir/src/PublisherPlugin.cc.o[0m
[3.804s] [ 50%] [32mBuilding CXX object CMakeFiles/Surface.dir/src/Surface.cc.o[0m
[3.804s] [ 62%] [32mBuilding CXX object CMakeFiles/WaveVisual.dir/src/WaveVisual.cc.o[0m
[5.705s] [ 75%] [32m[1mLinking CXX shared library libPublisherPlugin.so[0m
[5.833s] [ 75%] Built target PublisherPlugin
[6.191s] [ 87%] [32m[1mLinking CXX shared library libSurface.so[0m
[6.339s] [ 87%] Built target Surface
[7.184s] [100%] [32m[1mLinking CXX shared library libWaveVisual.so[0m
[7.340s] [100%] Built target WaveVisual
[7.350s] Invoked command in '/home/pc/gazebo_maritime_ws/build/gazebo_maritime' returned '0': DEBUGINFOD_URLS=https://debuginfod.ubuntu.com /usr/bin/cmake --build /home/pc/gazebo_maritime_ws/build/gazebo_maritime -- -j16 -l16
[7.357s] Invoking command in '/home/pc/gazebo_maritime_ws/build/gazebo_maritime': DEBUGINFOD_URLS=https://debuginfod.ubuntu.com /usr/bin/cmake --install /home/pc/gazebo_maritime_ws/build/gazebo_maritime
[7.365s] -- Install configuration: ""
[7.365s] -- Installing: /home/pc/gazebo_maritime_ws/install/lib/libWaves.so
[7.366s] -- Set non-toolchain portion of runtime path of "/home/pc/gazebo_maritime_ws/install/lib/libWaves.so" to ""
[7.366s] -- Installing: /home/pc/gazebo_maritime_ws/install/lib/libPublisherPlugin.so
[7.367s] -- Set non-toolchain portion of runtime path of "/home/pc/gazebo_maritime_ws/install/lib/libPublisherPlugin.so" to ""
[7.367s] -- Installing: /home/pc/gazebo_maritime_ws/install/lib/libSurface.so
[7.367s] -- Set non-toolchain portion of runtime path of "/home/pc/gazebo_maritime_ws/install/lib/libSurface.so" to ""
[7.367s] -- Installing: /home/pc/gazebo_maritime_ws/install/lib/libWaveVisual.so
[7.369s] -- Set non-toolchain portion of runtime path of "/home/pc/gazebo_maritime_ws/install/lib/libWaveVisual.so" to ""
[7.369s] -- Installing: /home/pc/gazebo_maritime_ws/install/share/gazebo_maritime/models
[7.369s] -- Installing: /home/pc/gazebo_maritime_ws/install/share/gazebo_maritime/models/coast_waves
[7.369s] -- Installing: /home/pc/gazebo_maritime_ws/install/share/gazebo_maritime/models/coast_waves/materials
[7.369s] -- Installing: /home/pc/gazebo_maritime_ws/install/share/gazebo_maritime/models/coast_waves/materials/programs
[7.369s] -- Installing: /home/pc/gazebo_maritime_ws/install/share/gazebo_maritime/models/coast_waves/materials/programs/GerstnerWaves_fs_330.glsl
[7.369s] -- Installing: /home/pc/gazebo_maritime_ws/install/share/gazebo_maritime/models/coast_waves/materials/programs/GerstnerWaves_vs_330.glsl
[7.369s] -- Installing: /home/pc/gazebo_maritime_ws/install/share/gazebo_maritime/models/coast_waves/materials/textures
[7.369s] -- Installing: /home/pc/gazebo_maritime_ws/install/share/gazebo_maritime/models/coast_waves/materials/textures/wave_normals.dds
[7.369s] -- Installing: /home/pc/gazebo_maritime_ws/install/share/gazebo_maritime/models/coast_waves/materials/textures/skybox_lowres.dds
[7.369s] -- Installing: /home/pc/gazebo_maritime_ws/install/share/gazebo_maritime/models/coast_waves/model.config
[7.370s] -- Installing: /home/pc/gazebo_maritime_ws/install/share/gazebo_maritime/models/coast_waves/model.sdf
[7.370s] -- Installing: /home/pc/gazebo_maritime_ws/install/share/gazebo_maritime/models/coast_waves/meshes
[7.370s] -- Installing: /home/pc/gazebo_maritime_ws/install/share/gazebo_maritime/models/coast_waves/meshes/waterlow.dae
[7.375s] -- Installing: /home/pc/gazebo_maritime_ws/install/share/gazebo_maritime/models/wam-v
[7.375s] -- Installing: /home/pc/gazebo_maritime_ws/install/share/gazebo_maritime/models/wam-v/model.config
[7.376s] -- Installing: /home/pc/gazebo_maritime_ws/install/share/gazebo_maritime/models/wam-v/model.sdf
[7.376s] -- Installing: /home/pc/gazebo_maritime_ws/install/share/gazebo_maritime/models/wam-v/meshes
[7.376s] -- Installing: /home/pc/gazebo_maritime_ws/install/share/gazebo_maritime/models/wam-v/meshes/propeller.dae
[7.376s] -- Installing: /home/pc/gazebo_maritime_ws/install/share/gazebo_maritime/models/wam-v/meshes/WamV.png
[7.376s] -- Installing: /home/pc/gazebo_maritime_ws/install/share/gazebo_maritime/models/wam-v/meshes/WAM-V-Base.dae
[7.377s] -- Installing: /home/pc/gazebo_maritime_ws/install/share/gazebo_maritime/models/wam-v/meshes/engine.dae
[7.377s] -- Installing: /home/pc/gazebo_maritime_ws/install/share/gazebo_maritime/worlds
[7.377s] -- Installing: /home/pc/gazebo_maritime_ws/install/share/gazebo_maritime/worlds/sydney_regatta.sdf
[7.378s] Invoked command in '/home/pc/gazebo_maritime_ws/build/gazebo_maritime' returned '0': DEBUGINFOD_URLS=https://debuginfod.ubuntu.com /usr/bin/cmake --install /home/pc/gazebo_maritime_ws/build/gazebo_maritime
