running egg_info
creating ../../build/ros2_maritime/ros2_maritime.egg-info
writing ../../build/ros2_maritime/ros2_maritime.egg-info/PKG-INFO
writing dependency_links to ../../build/ros2_maritime/ros2_maritime.egg-info/dependency_links.txt
writing requirements to ../../build/ros2_maritime/ros2_maritime.egg-info/requires.txt
writing top-level names to ../../build/ros2_maritime/ros2_maritime.egg-info/top_level.txt
writing manifest file '../../build/ros2_maritime/ros2_maritime.egg-info/SOURCES.txt'
reading manifest file '../../build/ros2_maritime/ros2_maritime.egg-info/SOURCES.txt'
writing manifest file '../../build/ros2_maritime/ros2_maritime.egg-info/SOURCES.txt'
running build
running build_py
creating /home/pc/gazebo_maritime_ws/build/ros2_maritime/build
creating /home/pc/gazebo_maritime_ws/build/ros2_maritime/build/lib
creating /home/pc/gazebo_maritime_ws/build/ros2_maritime/build/lib/ros2_maritime
copying ros2_maritime/__init__.py -> /home/pc/gazebo_maritime_ws/build/ros2_maritime/build/lib/ros2_maritime
running install
running install_lib
creating /home/pc/gazebo_maritime_ws/install/lib/python3.12/site-packages/ros2_maritime
copying /home/pc/gazebo_maritime_ws/build/ros2_maritime/build/lib/ros2_maritime/__init__.py -> /home/pc/gazebo_maritime_ws/install/lib/python3.12/site-packages/ros2_maritime
byte-compiling /home/pc/gazebo_maritime_ws/install/lib/python3.12/site-packages/ros2_maritime/__init__.py to __init__.cpython-312.pyc
running install_data
creating /home/pc/gazebo_maritime_ws/install/share/ament_index
creating /home/pc/gazebo_maritime_ws/install/share/ament_index/resource_index
creating /home/pc/gazebo_maritime_ws/install/share/ament_index/resource_index/packages
copying resource/ros2_maritime -> /home/pc/gazebo_maritime_ws/install/share/ament_index/resource_index/packages
copying package.xml -> /home/pc/gazebo_maritime_ws/install/share/ros2_maritime
creating /home/pc/gazebo_maritime_ws/install/share/ros2_maritime/launch
copying launch/display.launch.py -> /home/pc/gazebo_maritime_ws/install/share/ros2_maritime/launch
creating /home/pc/gazebo_maritime_ws/install/share/ros2_maritime/urdf
creating /home/pc/gazebo_maritime_ws/install/share/ros2_maritime/rviz
creating /home/pc/gazebo_maritime_ws/install/share/ros2_maritime/gz
creating /home/pc/gazebo_maritime_ws/install/share/ros2_maritime/meshes
creating /home/pc/gazebo_maritime_ws/install/share/ros2_maritime/config
copying config/bridge_config.yaml -> /home/pc/gazebo_maritime_ws/install/share/ros2_maritime/config
running install_egg_info
Copying ../../build/ros2_maritime/ros2_maritime.egg-info to /home/pc/gazebo_maritime_ws/install/lib/python3.12/site-packages/ros2_maritime-0.0.0-py3.12.egg-info
running install_scripts
writing list of installed files to '/home/pc/gazebo_maritime_ws/build/ros2_maritime/install.log'
