[1.086s] Invoking command in '/home/pc/gazebo_maritime_ws/src/ros2_maritime': DEBUGINFOD_URLS=https://debuginfod.ubuntu.com PYTHONPATH=/home/pc/gazebo_maritime_ws/build/ros2_maritime/prefix_override:/usr/lib/python3/dist-packages/colcon_core/task/python/colcon_distutils_commands:/home/pc/gazebo_maritime_ws/install/lib/python3.12/site-packages:${PYTHONPATH} /usr/bin/python3 -W ignore:setup.py install is deprecated -W ignore:easy_install command is deprecated setup.py egg_info --egg-base ../../build/ros2_maritime build --build-base /home/pc/gazebo_maritime_ws/build/ros2_maritime/build install --record /home/pc/gazebo_maritime_ws/build/ros2_maritime/install.log --single-version-externally-managed install_data
[1.381s] running egg_info
[1.401s] writing ../../build/ros2_maritime/ros2_maritime.egg-info/PKG-INFO
[1.401s] writing dependency_links to ../../build/ros2_maritime/ros2_maritime.egg-info/dependency_links.txt
[1.401s] writing entry points to ../../build/ros2_maritime/ros2_maritime.egg-info/entry_points.txt
[1.401s] writing requirements to ../../build/ros2_maritime/ros2_maritime.egg-info/requires.txt
[1.401s] writing top-level names to ../../build/ros2_maritime/ros2_maritime.egg-info/top_level.txt
[1.442s] reading manifest file '../../build/ros2_maritime/ros2_maritime.egg-info/SOURCES.txt'
[1.443s] writing manifest file '../../build/ros2_maritime/ros2_maritime.egg-info/SOURCES.txt'
[1.443s] running build
[1.443s] running build_py
[1.443s] running install
[1.450s] running install_lib
[1.470s] running install_data
[1.470s] running install_egg_info
[1.492s] removing '/home/pc/gazebo_maritime_ws/install/lib/python3.12/site-packages/ros2_maritime-0.0.0-py3.12.egg-info' (and everything under it)
[1.492s] Copying ../../build/ros2_maritime/ros2_maritime.egg-info to /home/pc/gazebo_maritime_ws/install/lib/python3.12/site-packages/ros2_maritime-0.0.0-py3.12.egg-info
[1.492s] running install_scripts
[1.635s] Installing altimeter_converter script to /home/pc/gazebo_maritime_ws/install/lib/ros2_maritime
[1.635s] Installing magnetometer_converter script to /home/pc/gazebo_maritime_ws/install/lib/ros2_maritime
[1.636s] writing list of installed files to '/home/pc/gazebo_maritime_ws/build/ros2_maritime/install.log'
[1.673s] Invoked command in '/home/pc/gazebo_maritime_ws/src/ros2_maritime' returned '0': DEBUGINFOD_URLS=https://debuginfod.ubuntu.com PYTHONPATH=/home/pc/gazebo_maritime_ws/build/ros2_maritime/prefix_override:/usr/lib/python3/dist-packages/colcon_core/task/python/colcon_distutils_commands:/home/pc/gazebo_maritime_ws/install/lib/python3.12/site-packages:${PYTHONPATH} /usr/bin/python3 -W ignore:setup.py install is deprecated -W ignore:easy_install command is deprecated setup.py egg_info --egg-base ../../build/ros2_maritime build --build-base /home/pc/gazebo_maritime_ws/build/ros2_maritime/build install --record /home/pc/gazebo_maritime_ws/build/ros2_maritime/install.log --single-version-externally-managed install_data
