[0.536s] Invoking command in '/home/pc/gazebo_maritime_ws/src/ros2_maritime': DEBUGINFOD_URLS=https://debuginfod.ubuntu.com PYTHONPATH=/home/pc/gazebo_maritime_ws/build/ros2_maritime/prefix_override:/usr/lib/python3/dist-packages/colcon_core/task/python/colcon_distutils_commands:/home/pc/gazebo_maritime_ws/install/lib/python3.12/site-packages:${PYTHONPATH} /usr/bin/python3 -W ignore:setup.py install is deprecated -W ignore:easy_install command is deprecated setup.py egg_info --egg-base ../../build/ros2_maritime build --build-base /home/pc/gazebo_maritime_ws/build/ros2_maritime/build install --record /home/pc/gazebo_maritime_ws/build/ros2_maritime/install.log --single-version-externally-managed install_data
[0.678s] running egg_info
[0.687s] writing ../../build/ros2_maritime/ros2_maritime.egg-info/PKG-INFO
[0.690s] writing dependency_links to ../../build/ros2_maritime/ros2_maritime.egg-info/dependency_links.txt
[0.690s] writing entry points to ../../build/ros2_maritime/ros2_maritime.egg-info/entry_points.txt
[0.690s] writing requirements to ../../build/ros2_maritime/ros2_maritime.egg-info/requires.txt
[0.690s] writing top-level names to ../../build/ros2_maritime/ros2_maritime.egg-info/top_level.txt
[0.710s] reading manifest file '../../build/ros2_maritime/ros2_maritime.egg-info/SOURCES.txt'
[0.711s] writing manifest file '../../build/ros2_maritime/ros2_maritime.egg-info/SOURCES.txt'
[0.711s] running build
[0.711s] running build_py
[0.712s] running install
[0.716s] running install_lib
[0.726s] running install_data
[0.726s] running install_egg_info
[0.737s] removing '/home/pc/gazebo_maritime_ws/install/lib/python3.12/site-packages/ros2_maritime-0.0.0-py3.12.egg-info' (and everything under it)
[0.737s] Copying ../../build/ros2_maritime/ros2_maritime.egg-info to /home/pc/gazebo_maritime_ws/install/lib/python3.12/site-packages/ros2_maritime-0.0.0-py3.12.egg-info
[0.738s] running install_scripts
[0.805s] Installing altimeter_converter script to /home/pc/gazebo_maritime_ws/install/lib/ros2_maritime
[0.805s] Installing csv_rec script to /home/pc/gazebo_maritime_ws/install/lib/ros2_maritime
[0.805s] Installing gps_cov script to /home/pc/gazebo_maritime_ws/install/lib/ros2_maritime
[0.805s] Installing heading script to /home/pc/gazebo_maritime_ws/install/lib/ros2_maritime
[0.805s] Installing imu_covariance script to /home/pc/gazebo_maritime_ws/install/lib/ros2_maritime
[0.805s] Installing los_control script to /home/pc/gazebo_maritime_ws/install/lib/ros2_maritime
[0.805s] Installing magnetometer_converter script to /home/pc/gazebo_maritime_ws/install/lib/ros2_maritime
[0.805s] Installing path_publisher script to /home/pc/gazebo_maritime_ws/install/lib/ros2_maritime
[0.805s] Installing random_waypoint script to /home/pc/gazebo_maritime_ws/install/lib/ros2_maritime
[0.805s] Installing smc_control script to /home/pc/gazebo_maritime_ws/install/lib/ros2_maritime
[0.805s] Installing st_smc_control script to /home/pc/gazebo_maritime_ws/install/lib/ros2_maritime
[0.805s] Installing usv_breadcrumb script to /home/pc/gazebo_maritime_ws/install/lib/ros2_maritime
[0.805s] writing list of installed files to '/home/pc/gazebo_maritime_ws/build/ros2_maritime/install.log'
[0.821s] Invoked command in '/home/pc/gazebo_maritime_ws/src/ros2_maritime' returned '0': DEBUGINFOD_URLS=https://debuginfod.ubuntu.com PYTHONPATH=/home/pc/gazebo_maritime_ws/build/ros2_maritime/prefix_override:/usr/lib/python3/dist-packages/colcon_core/task/python/colcon_distutils_commands:/home/pc/gazebo_maritime_ws/install/lib/python3.12/site-packages:${PYTHONPATH} /usr/bin/python3 -W ignore:setup.py install is deprecated -W ignore:easy_install command is deprecated setup.py egg_info --egg-base ../../build/ros2_maritime build --build-base /home/pc/gazebo_maritime_ws/build/ros2_maritime/build install --record /home/pc/gazebo_maritime_ws/build/ros2_maritime/install.log --single-version-externally-managed install_data
