[0.249s] DEBUG:colcon:Command line arguments: ['/usr/bin/colcon', 'build', '--merge-install']
[0.249s] DEBUG:colcon:Parsed command line arguments: Namespace(log_base=None, log_level=None, verb_name='build', build_base='build', install_base='install', merge_install=True, symlink_install=False, test_result_base=None, continue_on_error=False, executor='parallel', parallel_workers=16, event_handlers=None, ignore_user_meta=False, metas=['./colcon.meta'], base_paths=['.'], packages_ignore=None, packages_ignore_regex=None, paths=None, packages_up_to=None, packages_up_to_regex=None, packages_above=None, packages_above_and_dependencies=None, packages_above_depth=None, packages_select_by_dep=None, packages_skip_by_dep=None, packages_skip_up_to=None, packages_select_build_failed=False, packages_skip_build_finished=False, packages_select_test_failures=False, packages_skip_test_passed=False, packages_select=None, packages_skip=None, packages_select_regex=None, packages_skip_regex=None, packages_start=None, packages_end=None, allow_overriding=[], cmake_args=None, cmake_target=None, cmake_target_skip_unavailable=False, cmake_clean_cache=False, cmake_clean_first=False, cmake_force_configure=False, ament_cmake_args=None, catkin_cmake_args=None, catkin_skip_building_tests=False, mixin_files=None, mixin=None, verb_parser=<colcon_mixin.mixin.mixin_argument.MixinArgumentDecorator object at 0x735837567da0>, verb_extension=<colcon_core.verb.build.BuildVerb object at 0x7358376b0320>, main=<bound method BuildVerb.main of <colcon_core.verb.build.BuildVerb object at 0x7358376b0320>>, mixin_verb=('build',))
[0.324s] Level 1:colcon.colcon_core.package_discovery:discover_packages(colcon_meta) check parameters
[0.325s] Level 1:colcon.colcon_core.package_discovery:discover_packages(recursive) check parameters
[0.325s] Level 1:colcon.colcon_core.package_discovery:discover_packages(ignore) check parameters
[0.325s] Level 1:colcon.colcon_core.package_discovery:discover_packages(path) check parameters
[0.325s] Level 1:colcon.colcon_core.package_discovery:discover_packages(colcon_meta) discover
[0.325s] Level 1:colcon.colcon_core.package_discovery:discover_packages(recursive) discover
[0.325s] INFO:colcon.colcon_core.package_discovery:Crawling recursively for packages in '/home/pc/gazebo_maritime_ws'
[0.325s] Level 1:colcon.colcon_core.package_identification:_identify(.) by extensions ['ignore', 'ignore_ament_install']
[0.325s] Level 1:colcon.colcon_core.package_identification:_identify(.) by extension 'ignore'
[0.325s] Level 1:colcon.colcon_core.package_identification:_identify(.) by extension 'ignore_ament_install'
[0.325s] Level 1:colcon.colcon_core.package_identification:_identify(.) by extensions ['colcon_pkg']
[0.325s] Level 1:colcon.colcon_core.package_identification:_identify(.) by extension 'colcon_pkg'
[0.325s] Level 1:colcon.colcon_core.package_identification:_identify(.) by extensions ['colcon_meta']
[0.325s] Level 1:colcon.colcon_core.package_identification:_identify(.) by extension 'colcon_meta'
[0.326s] Level 1:colcon.colcon_core.package_identification:_identify(.) by extensions ['ros']
[0.326s] Level 1:colcon.colcon_core.package_identification:_identify(.) by extension 'ros'
[0.361s] Level 1:colcon.colcon_core.package_identification:_identify(.) by extensions ['cmake', 'python']
[0.361s] Level 1:colcon.colcon_core.package_identification:_identify(.) by extension 'cmake'
[0.361s] Level 1:colcon.colcon_core.package_identification:_identify(.) by extension 'python'
[0.361s] Level 1:colcon.colcon_core.package_identification:_identify(.) by extensions ['python_setup_py']
[0.361s] Level 1:colcon.colcon_core.package_identification:_identify(.) by extension 'python_setup_py'
[0.361s] Level 1:colcon.colcon_core.package_identification:_identify(build) by extensions ['ignore', 'ignore_ament_install']
[0.362s] Level 1:colcon.colcon_core.package_identification:_identify(build) by extension 'ignore'
[0.362s] Level 1:colcon.colcon_core.package_identification:_identify(build) ignored
[0.362s] Level 1:colcon.colcon_core.package_identification:_identify(install) by extensions ['ignore', 'ignore_ament_install']
[0.362s] Level 1:colcon.colcon_core.package_identification:_identify(install) by extension 'ignore'
[0.362s] Level 1:colcon.colcon_core.package_identification:_identify(install) ignored
[0.362s] Level 1:colcon.colcon_core.package_identification:_identify(log) by extensions ['ignore', 'ignore_ament_install']
[0.362s] Level 1:colcon.colcon_core.package_identification:_identify(log) by extension 'ignore'
[0.362s] Level 1:colcon.colcon_core.package_identification:_identify(log) ignored
[0.362s] Level 1:colcon.colcon_core.package_identification:_identify(src) by extensions ['ignore', 'ignore_ament_install']
[0.362s] Level 1:colcon.colcon_core.package_identification:_identify(src) by extension 'ignore'
[0.362s] Level 1:colcon.colcon_core.package_identification:_identify(src) by extension 'ignore_ament_install'
[0.362s] Level 1:colcon.colcon_core.package_identification:_identify(src) by extensions ['colcon_pkg']
[0.362s] Level 1:colcon.colcon_core.package_identification:_identify(src) by extension 'colcon_pkg'
[0.362s] Level 1:colcon.colcon_core.package_identification:_identify(src) by extensions ['colcon_meta']
[0.362s] Level 1:colcon.colcon_core.package_identification:_identify(src) by extension 'colcon_meta'
[0.363s] Level 1:colcon.colcon_core.package_identification:_identify(src) by extensions ['ros']
[0.363s] Level 1:colcon.colcon_core.package_identification:_identify(src) by extension 'ros'
[0.363s] Level 1:colcon.colcon_core.package_identification:_identify(src) by extensions ['cmake', 'python']
[0.363s] Level 1:colcon.colcon_core.package_identification:_identify(src) by extension 'cmake'
[0.363s] Level 1:colcon.colcon_core.package_identification:_identify(src) by extension 'python'
[0.363s] Level 1:colcon.colcon_core.package_identification:_identify(src) by extensions ['python_setup_py']
[0.363s] Level 1:colcon.colcon_core.package_identification:_identify(src) by extension 'python_setup_py'
[0.363s] Level 1:colcon.colcon_core.package_identification:_identify(src/gazebo_maritime) by extensions ['ignore', 'ignore_ament_install']
[0.363s] Level 1:colcon.colcon_core.package_identification:_identify(src/gazebo_maritime) by extension 'ignore'
[0.363s] Level 1:colcon.colcon_core.package_identification:_identify(src/gazebo_maritime) by extension 'ignore_ament_install'
[0.363s] Level 1:colcon.colcon_core.package_identification:_identify(src/gazebo_maritime) by extensions ['colcon_pkg']
[0.363s] Level 1:colcon.colcon_core.package_identification:_identify(src/gazebo_maritime) by extension 'colcon_pkg'
[0.363s] Level 1:colcon.colcon_core.package_identification:_identify(src/gazebo_maritime) by extensions ['colcon_meta']
[0.363s] Level 1:colcon.colcon_core.package_identification:_identify(src/gazebo_maritime) by extension 'colcon_meta'
[0.363s] Level 1:colcon.colcon_core.package_identification:_identify(src/gazebo_maritime) by extensions ['ros']
[0.363s] Level 1:colcon.colcon_core.package_identification:_identify(src/gazebo_maritime) by extension 'ros'
[0.363s] Level 1:colcon.colcon_core.package_identification:_identify(src/gazebo_maritime) by extensions ['cmake', 'python']
[0.363s] Level 1:colcon.colcon_core.package_identification:_identify(src/gazebo_maritime) by extension 'cmake'
[0.366s] Level 1:colcon.colcon_core.package_identification:_identify(src/gazebo_maritime) by extension 'python'
[0.366s] DEBUG:colcon.colcon_core.package_identification:Package 'src/gazebo_maritime' with type 'cmake' and name 'gazebo_maritime'
[0.366s] Level 1:colcon.colcon_core.package_identification:_identify(src/ros2_maritime) by extensions ['ignore', 'ignore_ament_install']
[0.366s] Level 1:colcon.colcon_core.package_identification:_identify(src/ros2_maritime) by extension 'ignore'
[0.367s] Level 1:colcon.colcon_core.package_identification:_identify(src/ros2_maritime) by extension 'ignore_ament_install'
[0.367s] Level 1:colcon.colcon_core.package_identification:_identify(src/ros2_maritime) by extensions ['colcon_pkg']
[0.367s] Level 1:colcon.colcon_core.package_identification:_identify(src/ros2_maritime) by extension 'colcon_pkg'
[0.367s] Level 1:colcon.colcon_core.package_identification:_identify(src/ros2_maritime) by extensions ['colcon_meta']
[0.367s] Level 1:colcon.colcon_core.package_identification:_identify(src/ros2_maritime) by extension 'colcon_meta'
[0.367s] Level 1:colcon.colcon_core.package_identification:_identify(src/ros2_maritime) by extensions ['ros']
[0.367s] Level 1:colcon.colcon_core.package_identification:_identify(src/ros2_maritime) by extension 'ros'
[0.370s] DEBUG:colcon.colcon_core.package_identification:Package 'src/ros2_maritime' with type 'ros.ament_python' and name 'ros2_maritime'
[0.370s] Level 1:colcon.colcon_core.package_discovery:discover_packages(recursive) using defaults
[0.370s] Level 1:colcon.colcon_core.package_discovery:discover_packages(ignore) discover
[0.370s] Level 1:colcon.colcon_core.package_discovery:discover_packages(ignore) using defaults
[0.370s] Level 1:colcon.colcon_core.package_discovery:discover_packages(path) discover
[0.370s] Level 1:colcon.colcon_core.package_discovery:discover_packages(path) using defaults
[0.399s] Level 1:colcon.colcon_core.package_discovery:discover_packages(prefix_path) check parameters
[0.399s] Level 1:colcon.colcon_core.package_discovery:discover_packages(prefix_path) discover
[0.403s] DEBUG:colcon.colcon_installed_package_information.package_discovery:Found 3 installed packages in /home/pc/ros2_ws/install
[0.405s] DEBUG:colcon.colcon_installed_package_information.package_discovery:Found 322 installed packages in /opt/ros/jazzy
[0.406s] Level 1:colcon.colcon_core.package_discovery:discover_packages(prefix_path) using defaults
[0.452s] Level 5:colcon.colcon_core.verb:set package 'gazebo_maritime' build argument 'cmake_args' from command line to 'None'
[0.452s] Level 5:colcon.colcon_core.verb:set package 'gazebo_maritime' build argument 'cmake_target' from command line to 'None'
[0.452s] Level 5:colcon.colcon_core.verb:set package 'gazebo_maritime' build argument 'cmake_target_skip_unavailable' from command line to 'False'
[0.452s] Level 5:colcon.colcon_core.verb:set package 'gazebo_maritime' build argument 'cmake_clean_cache' from command line to 'False'
[0.452s] Level 5:colcon.colcon_core.verb:set package 'gazebo_maritime' build argument 'cmake_clean_first' from command line to 'False'
[0.452s] Level 5:colcon.colcon_core.verb:set package 'gazebo_maritime' build argument 'cmake_force_configure' from command line to 'False'
[0.452s] Level 5:colcon.colcon_core.verb:set package 'gazebo_maritime' build argument 'ament_cmake_args' from command line to 'None'
[0.452s] Level 5:colcon.colcon_core.verb:set package 'gazebo_maritime' build argument 'catkin_cmake_args' from command line to 'None'
[0.452s] Level 5:colcon.colcon_core.verb:set package 'gazebo_maritime' build argument 'catkin_skip_building_tests' from command line to 'False'
[0.453s] DEBUG:colcon.colcon_core.verb:Building package 'gazebo_maritime' with the following arguments: {'ament_cmake_args': None, 'build_base': '/home/pc/gazebo_maritime_ws/build/gazebo_maritime', 'catkin_cmake_args': None, 'catkin_skip_building_tests': False, 'cmake_args': None, 'cmake_clean_cache': False, 'cmake_clean_first': False, 'cmake_force_configure': False, 'cmake_target': None, 'cmake_target_skip_unavailable': False, 'install_base': '/home/pc/gazebo_maritime_ws/install', 'merge_install': True, 'path': '/home/pc/gazebo_maritime_ws/src/gazebo_maritime', 'symlink_install': False, 'test_result_base': None}
[0.453s] Level 5:colcon.colcon_core.verb:set package 'ros2_maritime' build argument 'cmake_args' from command line to 'None'
[0.453s] Level 5:colcon.colcon_core.verb:set package 'ros2_maritime' build argument 'cmake_target' from command line to 'None'
[0.453s] Level 5:colcon.colcon_core.verb:set package 'ros2_maritime' build argument 'cmake_target_skip_unavailable' from command line to 'False'
[0.453s] Level 5:colcon.colcon_core.verb:set package 'ros2_maritime' build argument 'cmake_clean_cache' from command line to 'False'
[0.453s] Level 5:colcon.colcon_core.verb:set package 'ros2_maritime' build argument 'cmake_clean_first' from command line to 'False'
[0.453s] Level 5:colcon.colcon_core.verb:set package 'ros2_maritime' build argument 'cmake_force_configure' from command line to 'False'
[0.453s] Level 5:colcon.colcon_core.verb:set package 'ros2_maritime' build argument 'ament_cmake_args' from command line to 'None'
[0.453s] Level 5:colcon.colcon_core.verb:set package 'ros2_maritime' build argument 'catkin_cmake_args' from command line to 'None'
[0.453s] Level 5:colcon.colcon_core.verb:set package 'ros2_maritime' build argument 'catkin_skip_building_tests' from command line to 'False'
[0.453s] DEBUG:colcon.colcon_core.verb:Building package 'ros2_maritime' with the following arguments: {'ament_cmake_args': None, 'build_base': '/home/pc/gazebo_maritime_ws/build/ros2_maritime', 'catkin_cmake_args': None, 'catkin_skip_building_tests': False, 'cmake_args': None, 'cmake_clean_cache': False, 'cmake_clean_first': False, 'cmake_force_configure': False, 'cmake_target': None, 'cmake_target_skip_unavailable': False, 'install_base': '/home/pc/gazebo_maritime_ws/install', 'merge_install': True, 'path': '/home/pc/gazebo_maritime_ws/src/ros2_maritime', 'symlink_install': False, 'test_result_base': None}
[0.453s] INFO:colcon.colcon_core.executor:Executing jobs using 'parallel' executor
[0.454s] DEBUG:colcon.colcon_parallel_executor.executor.parallel:run_until_complete
[0.454s] INFO:colcon.colcon_cmake.task.cmake.build:Building CMake package in '/home/pc/gazebo_maritime_ws/src/gazebo_maritime'
[0.458s] INFO:colcon.colcon_core.plugin_system:Skipping extension 'colcon_core.shell.bat': Not used on non-Windows systems
[0.458s] INFO:colcon.colcon_core.shell:Skip shell extension 'powershell' for command environment: Not usable outside of PowerShell
[0.458s] DEBUG:colcon.colcon_core.shell:Skip shell extension 'dsv' for command environment
[0.462s] INFO:colcon.colcon_ros.task.ament_python.build:Building ROS package in '/home/pc/gazebo_maritime_ws/src/ros2_maritime' with build type 'ament_python'
[0.462s] Level 1:colcon.colcon_core.shell:create_environment_hook('ros2_maritime', 'ament_prefix_path')
[0.463s] INFO:colcon.colcon_core.shell:Creating environment hook '/home/pc/gazebo_maritime_ws/install/share/ros2_maritime/hook/ament_prefix_path.ps1'
[0.464s] INFO:colcon.colcon_core.shell:Creating environment descriptor '/home/pc/gazebo_maritime_ws/install/share/ros2_maritime/hook/ament_prefix_path.dsv'
[0.465s] INFO:colcon.colcon_core.shell:Creating environment hook '/home/pc/gazebo_maritime_ws/install/share/ros2_maritime/hook/ament_prefix_path.sh'
[0.466s] INFO:colcon.colcon_core.shell:Skip shell extension 'powershell' for command environment: Not usable outside of PowerShell
[0.466s] DEBUG:colcon.colcon_core.shell:Skip shell extension 'dsv' for command environment
[0.476s] DEBUG:colcon.colcon_core.event_handler.log_command:Invoking command in '/home/pc/gazebo_maritime_ws/build/gazebo_maritime': DEBUGINFOD_URLS=https://debuginfod.ubuntu.com /usr/bin/cmake --build /home/pc/gazebo_maritime_ws/build/gazebo_maritime -- -j16 -l16
[0.788s] INFO:colcon.colcon_core.task.python.build:Building Python package in '/home/pc/gazebo_maritime_ws/src/ros2_maritime'
[0.788s] INFO:colcon.colcon_core.shell:Skip shell extension 'powershell' for command environment: Not usable outside of PowerShell
[0.788s] DEBUG:colcon.colcon_core.shell:Skip shell extension 'dsv' for command environment
[1.680s] DEBUG:colcon.colcon_core.event_handler.log_command:Invoking command in '/home/pc/gazebo_maritime_ws/src/ros2_maritime': DEBUGINFOD_URLS=https://debuginfod.ubuntu.com PYTHONPATH=/home/pc/gazebo_maritime_ws/build/ros2_maritime/prefix_override:/usr/lib/python3/dist-packages/colcon_core/task/python/colcon_distutils_commands:/home/pc/gazebo_maritime_ws/install/lib/python3.12/site-packages:${PYTHONPATH} /usr/bin/python3 -W ignore:setup.py install is deprecated -W ignore:easy_install command is deprecated setup.py egg_info --egg-base ../../build/ros2_maritime build --build-base /home/pc/gazebo_maritime_ws/build/ros2_maritime/build install --record /home/pc/gazebo_maritime_ws/build/ros2_maritime/install.log --single-version-externally-managed install_data
[2.429s] DEBUG:colcon.colcon_core.event_handler.log_command:Invoked command in '/home/pc/gazebo_maritime_ws/src/ros2_maritime' returned '0': DEBUGINFOD_URLS=https://debuginfod.ubuntu.com PYTHONPATH=/home/pc/gazebo_maritime_ws/build/ros2_maritime/prefix_override:/usr/lib/python3/dist-packages/colcon_core/task/python/colcon_distutils_commands:/home/pc/gazebo_maritime_ws/install/lib/python3.12/site-packages:${PYTHONPATH} /usr/bin/python3 -W ignore:setup.py install is deprecated -W ignore:easy_install command is deprecated setup.py egg_info --egg-base ../../build/ros2_maritime build --build-base /home/pc/gazebo_maritime_ws/build/ros2_maritime/build install --record /home/pc/gazebo_maritime_ws/build/ros2_maritime/install.log --single-version-externally-managed install_data
[2.435s] Level 1:colcon.colcon_core.environment:checking '/home/pc/gazebo_maritime_ws/install' for CMake module files
[2.437s] Level 1:colcon.colcon_core.environment:checking '/home/pc/gazebo_maritime_ws/install' for CMake config files
[2.440s] Level 1:colcon.colcon_core.environment:checking '/home/pc/gazebo_maritime_ws/install/lib'
[2.440s] Level 1:colcon.colcon_core.shell:create_environment_hook('ros2_maritime', 'ld_library_path_lib')
[2.440s] INFO:colcon.colcon_core.shell:Creating environment hook '/home/pc/gazebo_maritime_ws/install/share/ros2_maritime/hook/ld_library_path_lib.ps1'
[2.441s] INFO:colcon.colcon_core.shell:Creating environment descriptor '/home/pc/gazebo_maritime_ws/install/share/ros2_maritime/hook/ld_library_path_lib.dsv'
[2.442s] INFO:colcon.colcon_core.shell:Creating environment hook '/home/pc/gazebo_maritime_ws/install/share/ros2_maritime/hook/ld_library_path_lib.sh'
[2.443s] Level 1:colcon.colcon_core.environment:checking '/home/pc/gazebo_maritime_ws/install/bin'
[2.443s] Level 1:colcon.colcon_core.environment:checking '/home/pc/gazebo_maritime_ws/install/lib/pkgconfig/ros2_maritime.pc'
[2.443s] Level 1:colcon.colcon_core.environment:checking '/home/pc/gazebo_maritime_ws/install/lib/python3.12/site-packages'
[2.443s] Level 1:colcon.colcon_core.shell:create_environment_hook('ros2_maritime', 'pythonpath')
[2.444s] INFO:colcon.colcon_core.shell:Creating environment hook '/home/pc/gazebo_maritime_ws/install/share/ros2_maritime/hook/pythonpath.ps1'
[2.444s] INFO:colcon.colcon_core.shell:Creating environment descriptor '/home/pc/gazebo_maritime_ws/install/share/ros2_maritime/hook/pythonpath.dsv'
[2.445s] INFO:colcon.colcon_core.shell:Creating environment hook '/home/pc/gazebo_maritime_ws/install/share/ros2_maritime/hook/pythonpath.sh'
[2.445s] Level 1:colcon.colcon_core.environment:checking '/home/pc/gazebo_maritime_ws/install/bin'
[2.445s] Level 1:colcon.colcon_core.environment:create_environment_scripts_only(ros2_maritime)
[2.446s] INFO:colcon.colcon_core.shell:Creating package script '/home/pc/gazebo_maritime_ws/install/share/ros2_maritime/package.ps1'
[2.447s] INFO:colcon.colcon_core.shell:Creating package descriptor '/home/pc/gazebo_maritime_ws/install/share/ros2_maritime/package.dsv'
[2.448s] INFO:colcon.colcon_core.shell:Creating package script '/home/pc/gazebo_maritime_ws/install/share/ros2_maritime/package.sh'
[2.449s] INFO:colcon.colcon_core.shell:Creating package script '/home/pc/gazebo_maritime_ws/install/share/ros2_maritime/package.bash'
[2.450s] INFO:colcon.colcon_core.shell:Creating package script '/home/pc/gazebo_maritime_ws/install/share/ros2_maritime/package.zsh'
[2.451s] Level 1:colcon.colcon_core.environment:create_file_with_runtime_dependencies(/home/pc/gazebo_maritime_ws/install/share/colcon-core/packages/ros2_maritime)
[13.444s] DEBUG:colcon.colcon_core.event_handler.log_command:Invoked command in '/home/pc/gazebo_maritime_ws/build/gazebo_maritime' returned '0': DEBUGINFOD_URLS=https://debuginfod.ubuntu.com /usr/bin/cmake --build /home/pc/gazebo_maritime_ws/build/gazebo_maritime -- -j16 -l16
[13.461s] DEBUG:colcon.colcon_core.event_handler.log_command:Invoking command in '/home/pc/gazebo_maritime_ws/build/gazebo_maritime': DEBUGINFOD_URLS=https://debuginfod.ubuntu.com /usr/bin/cmake --install /home/pc/gazebo_maritime_ws/build/gazebo_maritime
[13.484s] Level 1:colcon.colcon_core.environment:create_environment_scripts_only(gazebo_maritime)
[13.484s] DEBUG:colcon.colcon_core.event_handler.log_command:Invoked command in '/home/pc/gazebo_maritime_ws/build/gazebo_maritime' returned '0': DEBUGINFOD_URLS=https://debuginfod.ubuntu.com /usr/bin/cmake --install /home/pc/gazebo_maritime_ws/build/gazebo_maritime
[13.485s] Level 1:colcon.colcon_core.environment:checking '/home/pc/gazebo_maritime_ws/install' for CMake module files
[13.486s] Level 1:colcon.colcon_core.environment:checking '/home/pc/gazebo_maritime_ws/install' for CMake config files
[13.487s] Level 1:colcon.colcon_core.environment:checking '/home/pc/gazebo_maritime_ws/install/lib'
[13.487s] Level 1:colcon.colcon_core.shell:create_environment_hook('gazebo_maritime', 'ld_library_path_lib')
[13.487s] INFO:colcon.colcon_core.shell:Creating environment hook '/home/pc/gazebo_maritime_ws/install/share/gazebo_maritime/hook/ld_library_path_lib.ps1'
[13.487s] INFO:colcon.colcon_core.shell:Creating environment descriptor '/home/pc/gazebo_maritime_ws/install/share/gazebo_maritime/hook/ld_library_path_lib.dsv'
[13.488s] INFO:colcon.colcon_core.shell:Creating environment hook '/home/pc/gazebo_maritime_ws/install/share/gazebo_maritime/hook/ld_library_path_lib.sh'
[13.488s] Level 1:colcon.colcon_core.environment:checking '/home/pc/gazebo_maritime_ws/install/bin'
[13.488s] Level 1:colcon.colcon_core.environment:checking '/home/pc/gazebo_maritime_ws/install/lib/pkgconfig/gazebo_maritime.pc'
[13.489s] Level 1:colcon.colcon_core.environment:checking '/home/pc/gazebo_maritime_ws/install/lib/python3.12/site-packages'
[13.489s] Level 1:colcon.colcon_core.shell:create_environment_hook('gazebo_maritime', 'pythonpath')
[13.489s] INFO:colcon.colcon_core.shell:Creating environment hook '/home/pc/gazebo_maritime_ws/install/share/gazebo_maritime/hook/pythonpath.ps1'
[13.489s] INFO:colcon.colcon_core.shell:Creating environment descriptor '/home/pc/gazebo_maritime_ws/install/share/gazebo_maritime/hook/pythonpath.dsv'
[13.490s] INFO:colcon.colcon_core.shell:Creating environment hook '/home/pc/gazebo_maritime_ws/install/share/gazebo_maritime/hook/pythonpath.sh'
[13.490s] Level 1:colcon.colcon_core.environment:checking '/home/pc/gazebo_maritime_ws/install/bin'
[13.491s] INFO:colcon.colcon_core.shell:Creating package script '/home/pc/gazebo_maritime_ws/install/share/gazebo_maritime/package.ps1'
[13.491s] INFO:colcon.colcon_core.shell:Creating package descriptor '/home/pc/gazebo_maritime_ws/install/share/gazebo_maritime/package.dsv'
[13.492s] INFO:colcon.colcon_core.shell:Creating package script '/home/pc/gazebo_maritime_ws/install/share/gazebo_maritime/package.sh'
[13.492s] INFO:colcon.colcon_core.shell:Creating package script '/home/pc/gazebo_maritime_ws/install/share/gazebo_maritime/package.bash'
[13.492s] INFO:colcon.colcon_core.shell:Creating package script '/home/pc/gazebo_maritime_ws/install/share/gazebo_maritime/package.zsh'
[13.493s] Level 1:colcon.colcon_core.environment:create_file_with_runtime_dependencies(/home/pc/gazebo_maritime_ws/install/share/colcon-core/packages/gazebo_maritime)
[13.493s] DEBUG:colcon.colcon_parallel_executor.executor.parallel:closing loop
[13.493s] DEBUG:colcon.colcon_parallel_executor.executor.parallel:loop closed
[13.493s] DEBUG:colcon.colcon_parallel_executor.executor.parallel:run_until_complete finished with '0'
[13.493s] DEBUG:colcon.colcon_core.event_reactor:joining thread
[13.504s] INFO:colcon.colcon_core.plugin_system:Skipping extension 'colcon_notification.desktop_notification.terminal_notifier': Not used on non-Darwin systems
[13.504s] INFO:colcon.colcon_core.plugin_system:Skipping extension 'colcon_notification.desktop_notification.win32': Not used on non-Windows systems
[13.505s] INFO:colcon.colcon_notification.desktop_notification:Sending desktop notification using 'notify2'
[13.527s] DEBUG:colcon.colcon_core.event_reactor:joined thread
[13.527s] INFO:colcon.colcon_core.shell:Creating prefix script '/home/pc/gazebo_maritime_ws/install/local_setup.ps1'
[13.528s] INFO:colcon.colcon_core.shell:Creating prefix util module '/home/pc/gazebo_maritime_ws/install/_local_setup_util_ps1.py'
[13.530s] INFO:colcon.colcon_core.shell:Creating prefix chain script '/home/pc/gazebo_maritime_ws/install/setup.ps1'
[13.532s] INFO:colcon.colcon_core.shell:Creating prefix script '/home/pc/gazebo_maritime_ws/install/local_setup.sh'
[13.533s] INFO:colcon.colcon_core.shell:Creating prefix util module '/home/pc/gazebo_maritime_ws/install/_local_setup_util_sh.py'
[13.534s] INFO:colcon.colcon_core.shell:Creating prefix chain script '/home/pc/gazebo_maritime_ws/install/setup.sh'
[13.535s] INFO:colcon.colcon_core.shell:Creating prefix script '/home/pc/gazebo_maritime_ws/install/local_setup.bash'
[13.536s] INFO:colcon.colcon_core.shell:Creating prefix chain script '/home/pc/gazebo_maritime_ws/install/setup.bash'
[13.538s] INFO:colcon.colcon_core.shell:Creating prefix script '/home/pc/gazebo_maritime_ws/install/local_setup.zsh'
[13.539s] INFO:colcon.colcon_core.shell:Creating prefix chain script '/home/pc/gazebo_maritime_ws/install/setup.zsh'
