[0.012s] Invoking command in '/home/pc/gazebo_maritime_ws/build/gazebo_maritime': DEBUGINFOD_URLS=https://debuginfod.ubuntu.com /usr/bin/cmake --build /home/pc/gazebo_maritime_ws/build/gazebo_maritime -- -j16 -l16
[0.071s] [ 25%] Built target Waves
[0.094s] [ 50%] Built target PublisherPlugin
[0.098s] [ 75%] Built target Surface
[0.102s] [100%] Built target WaveVisual
[0.192s] Invoked command in '/home/pc/gazebo_maritime_ws/build/gazebo_maritime' returned '0': DEBUGINFOD_URLS=https://debuginfod.ubuntu.com /usr/bin/cmake --build /home/pc/gazebo_maritime_ws/build/gazebo_maritime -- -j16 -l16
[0.201s] Invoking command in '/home/pc/gazebo_maritime_ws/build/gazebo_maritime': DEBUGINFOD_URLS=https://debuginfod.ubuntu.com /usr/bin/cmake --install /home/pc/gazebo_maritime_ws/build/gazebo_maritime
[0.210s] -- Install configuration: ""
[0.210s] -- Up-to-date: /home/pc/gazebo_maritime_ws/install/lib/libWaves.so
[0.210s] -- Up-to-date: /home/pc/gazebo_maritime_ws/install/lib/libPublisherPlugin.so
[0.210s] -- Up-to-date: /home/pc/gazebo_maritime_ws/install/lib/libSurface.so
[0.211s] -- Up-to-date: /home/pc/gazebo_maritime_ws/install/lib/libWaveVisual.so
[0.211s] -- Up-to-date: /home/pc/gazebo_maritime_ws/install/share/gazebo_maritime/models
[0.211s] -- Up-to-date: /home/pc/gazebo_maritime_ws/install/share/gazebo_maritime/models/coast_waves
[0.211s] -- Up-to-date: /home/pc/gazebo_maritime_ws/install/share/gazebo_maritime/models/coast_waves/materials
[0.211s] -- Up-to-date: /home/pc/gazebo_maritime_ws/install/share/gazebo_maritime/models/coast_waves/materials/programs
[0.211s] -- Up-to-date: /home/pc/gazebo_maritime_ws/install/share/gazebo_maritime/models/coast_waves/materials/programs/GerstnerWaves_fs_330.glsl
[0.212s] -- Up-to-date: /home/pc/gazebo_maritime_ws/install/share/gazebo_maritime/models/coast_waves/materials/programs/GerstnerWaves_vs_330.glsl
[0.212s] -- Up-to-date: /home/pc/gazebo_maritime_ws/install/share/gazebo_maritime/models/coast_waves/materials/textures
[0.212s] -- Up-to-date: /home/pc/gazebo_maritime_ws/install/share/gazebo_maritime/models/coast_waves/materials/textures/wave_normals.dds
[0.213s] -- Up-to-date: /home/pc/gazebo_maritime_ws/install/share/gazebo_maritime/models/coast_waves/materials/textures/skybox_lowres.dds
[0.213s] -- Up-to-date: /home/pc/gazebo_maritime_ws/install/share/gazebo_maritime/models/coast_waves/model.config
[0.213s] -- Up-to-date: /home/pc/gazebo_maritime_ws/install/share/gazebo_maritime/models/coast_waves/model.sdf
[0.214s] -- Up-to-date: /home/pc/gazebo_maritime_ws/install/share/gazebo_maritime/models/coast_waves/meshes
[0.214s] -- Up-to-date: /home/pc/gazebo_maritime_ws/install/share/gazebo_maritime/models/coast_waves/meshes/waterlow.dae
[0.214s] -- Up-to-date: /home/pc/gazebo_maritime_ws/install/share/gazebo_maritime/models/wam-v
[0.214s] -- Up-to-date: /home/pc/gazebo_maritime_ws/install/share/gazebo_maritime/models/wam-v/model.config
[0.215s] -- Up-to-date: /home/pc/gazebo_maritime_ws/install/share/gazebo_maritime/models/wam-v/model.sdf
[0.215s] -- Up-to-date: /home/pc/gazebo_maritime_ws/install/share/gazebo_maritime/models/wam-v/meshes
[0.215s] -- Up-to-date: /home/pc/gazebo_maritime_ws/install/share/gazebo_maritime/models/wam-v/meshes/propeller.dae
[0.216s] -- Up-to-date: /home/pc/gazebo_maritime_ws/install/share/gazebo_maritime/models/wam-v/meshes/WamV.png
[0.216s] -- Up-to-date: /home/pc/gazebo_maritime_ws/install/share/gazebo_maritime/models/wam-v/meshes/WAM-V-Base.dae
[0.216s] -- Up-to-date: /home/pc/gazebo_maritime_ws/install/share/gazebo_maritime/models/wam-v/meshes/engine.dae
[0.216s] -- Up-to-date: /home/pc/gazebo_maritime_ws/install/share/gazebo_maritime/worlds
[0.216s] -- Up-to-date: /home/pc/gazebo_maritime_ws/install/share/gazebo_maritime/worlds/sydney_regatta.sdf
[0.217s] Invoked command in '/home/pc/gazebo_maritime_ws/build/gazebo_maritime' returned '0': DEBUGINFOD_URLS=https://debuginfod.ubuntu.com /usr/bin/cmake --install /home/pc/gazebo_maritime_ws/build/gazebo_maritime
