[0.477s] Invoking command in '/home/pc/gazebo_maritime_ws/src/ros2_maritime': DEBUGINFOD_URLS=https://debuginfod.ubuntu.com PYTHONPATH=/home/pc/gazebo_maritime_ws/build/ros2_maritime/prefix_override:/usr/lib/python3/dist-packages/colcon_core/task/python/colcon_distutils_commands:/home/pc/gazebo_maritime_ws/install/lib/python3.12/site-packages:${PYTHONPATH} /usr/bin/python3 -W ignore:setup.py install is deprecated -W ignore:easy_install command is deprecated setup.py egg_info --egg-base ../../build/ros2_maritime build --build-base /home/pc/gazebo_maritime_ws/build/ros2_maritime/build install --record /home/pc/gazebo_maritime_ws/build/ros2_maritime/install.log --single-version-externally-managed install_data
[0.627s] running egg_info
[0.637s] writing ../../build/ros2_maritime/ros2_maritime.egg-info/PKG-INFO
[0.637s] writing dependency_links to ../../build/ros2_maritime/ros2_maritime.egg-info/dependency_links.txt
[0.637s] writing entry points to ../../build/ros2_maritime/ros2_maritime.egg-info/entry_points.txt
[0.638s] writing requirements to ../../build/ros2_maritime/ros2_maritime.egg-info/requires.txt
[0.638s] writing top-level names to ../../build/ros2_maritime/ros2_maritime.egg-info/top_level.txt
[0.658s] reading manifest file '../../build/ros2_maritime/ros2_maritime.egg-info/SOURCES.txt'
[0.658s] writing manifest file '../../build/ros2_maritime/ros2_maritime.egg-info/SOURCES.txt'
[0.658s] running build
[0.658s] running build_py
[0.659s] running install
[0.663s] running install_lib
[0.673s] running install_data
[0.674s] copying rviz/conf.rviz -> /home/pc/gazebo_maritime_ws/install/share/ros2_maritime/rviz
[0.674s] running install_egg_info
[0.685s] removing '/home/pc/gazebo_maritime_ws/install/lib/python3.12/site-packages/ros2_maritime-0.0.0-py3.12.egg-info' (and everything under it)
[0.685s] Copying ../../build/ros2_maritime/ros2_maritime.egg-info to /home/pc/gazebo_maritime_ws/install/lib/python3.12/site-packages/ros2_maritime-0.0.0-py3.12.egg-info
[0.685s] running install_scripts
[0.757s] Installing altimeter_converter script to /home/pc/gazebo_maritime_ws/install/lib/ros2_maritime
[0.757s] Installing gps_cov script to /home/pc/gazebo_maritime_ws/install/lib/ros2_maritime
[0.757s] Installing heading script to /home/pc/gazebo_maritime_ws/install/lib/ros2_maritime
[0.757s] Installing imu_covariance script to /home/pc/gazebo_maritime_ws/install/lib/ros2_maritime
[0.758s] Installing magnetometer_converter script to /home/pc/gazebo_maritime_ws/install/lib/ros2_maritime
[0.758s] Installing path_publisher script to /home/pc/gazebo_maritime_ws/install/lib/ros2_maritime
[0.758s] Installing path_rec script to /home/pc/gazebo_maritime_ws/install/lib/ros2_maritime
[0.758s] Installing random_waypoint script to /home/pc/gazebo_maritime_ws/install/lib/ros2_maritime
[0.758s] Installing smc_control script to /home/pc/gazebo_maritime_ws/install/lib/ros2_maritime
[0.758s] Installing usv_breadcrumb script to /home/pc/gazebo_maritime_ws/install/lib/ros2_maritime
[0.758s] writing list of installed files to '/home/pc/gazebo_maritime_ws/build/ros2_maritime/install.log'
[0.774s] Invoked command in '/home/pc/gazebo_maritime_ws/src/ros2_maritime' returned '0': DEBUGINFOD_URLS=https://debuginfod.ubuntu.com PYTHONPATH=/home/pc/gazebo_maritime_ws/build/ros2_maritime/prefix_override:/usr/lib/python3/dist-packages/colcon_core/task/python/colcon_distutils_commands:/home/pc/gazebo_maritime_ws/install/lib/python3.12/site-packages:${PYTHONPATH} /usr/bin/python3 -W ignore:setup.py install is deprecated -W ignore:easy_install command is deprecated setup.py egg_info --egg-base ../../build/ros2_maritime build --build-base /home/pc/gazebo_maritime_ws/build/ros2_maritime/build install --record /home/pc/gazebo_maritime_ws/build/ros2_maritime/install.log --single-version-externally-managed install_data
