[0.021s] Invoking command in '/home/pc/gazebo_maritime_ws/build/gazebo_maritime': DEBUGINFOD_URLS=https://debuginfod.ubuntu.com /usr/bin/cmake --build /home/pc/gazebo_maritime_ws/build/gazebo_maritime -- -j16 -l16
[0.141s] [ 25%] Built target Waves
[0.192s] [ 50%] Built target PublisherPlugin
[0.194s] [ 75%] Built target WaveVisual
[0.194s] [100%] Built target Surface
[0.328s] Invoked command in '/home/pc/gazebo_maritime_ws/build/gazebo_maritime' returned '0': DEBUGINFOD_URLS=https://debuginfod.ubuntu.com /usr/bin/cmake --build /home/pc/gazebo_maritime_ws/build/gazebo_maritime -- -j16 -l16
[0.342s] Invoking command in '/home/pc/gazebo_maritime_ws/build/gazebo_maritime': DEBUGINFOD_URLS=https://debuginfod.ubuntu.com /usr/bin/cmake --install /home/pc/gazebo_maritime_ws/build/gazebo_maritime
[0.354s] -- Install configuration: ""
[0.355s] -- Up-to-date: /home/pc/gazebo_maritime_ws/install/lib/libWaves.so
[0.356s] -- Up-to-date: /home/pc/gazebo_maritime_ws/install/lib/libPublisherPlugin.so
[0.357s] -- Up-to-date: /home/pc/gazebo_maritime_ws/install/lib/libSurface.so
[0.357s] -- Up-to-date: /home/pc/gazebo_maritime_ws/install/lib/libWaveVisual.so
[0.358s] -- Up-to-date: /home/pc/gazebo_maritime_ws/install/share/gazebo_maritime/models
[0.358s] -- Up-to-date: /home/pc/gazebo_maritime_ws/install/share/gazebo_maritime/models/coast_waves
[0.358s] -- Up-to-date: /home/pc/gazebo_maritime_ws/install/share/gazebo_maritime/models/coast_waves/materials
[0.358s] -- Up-to-date: /home/pc/gazebo_maritime_ws/install/share/gazebo_maritime/models/coast_waves/materials/programs
[0.358s] -- Up-to-date: /home/pc/gazebo_maritime_ws/install/share/gazebo_maritime/models/coast_waves/materials/programs/GerstnerWaves_fs_330.glsl
[0.358s] -- Up-to-date: /home/pc/gazebo_maritime_ws/install/share/gazebo_maritime/models/coast_waves/materials/programs/GerstnerWaves_vs_330.glsl
[0.358s] -- Up-to-date: /home/pc/gazebo_maritime_ws/install/share/gazebo_maritime/models/coast_waves/materials/textures
[0.359s] -- Up-to-date: /home/pc/gazebo_maritime_ws/install/share/gazebo_maritime/models/coast_waves/materials/textures/wave_normals.dds
[0.359s] -- Up-to-date: /home/pc/gazebo_maritime_ws/install/share/gazebo_maritime/models/coast_waves/materials/textures/skybox_lowres.dds
[0.359s] -- Up-to-date: /home/pc/gazebo_maritime_ws/install/share/gazebo_maritime/models/coast_waves/model.config
[0.359s] -- Up-to-date: /home/pc/gazebo_maritime_ws/install/share/gazebo_maritime/models/coast_waves/model.sdf
[0.359s] -- Up-to-date: /home/pc/gazebo_maritime_ws/install/share/gazebo_maritime/models/coast_waves/meshes
[0.359s] -- Up-to-date: /home/pc/gazebo_maritime_ws/install/share/gazebo_maritime/models/coast_waves/meshes/waterlow.dae
[0.359s] -- Up-to-date: /home/pc/gazebo_maritime_ws/install/share/gazebo_maritime/models/wam-v
[0.359s] -- Up-to-date: /home/pc/gazebo_maritime_ws/install/share/gazebo_maritime/models/wam-v/model.config
[0.359s] -- Up-to-date: /home/pc/gazebo_maritime_ws/install/share/gazebo_maritime/models/wam-v/model.sdf
[0.359s] -- Up-to-date: /home/pc/gazebo_maritime_ws/install/share/gazebo_maritime/models/wam-v/meshes
[0.359s] -- Up-to-date: /home/pc/gazebo_maritime_ws/install/share/gazebo_maritime/models/wam-v/meshes/propeller.dae
[0.360s] -- Up-to-date: /home/pc/gazebo_maritime_ws/install/share/gazebo_maritime/models/wam-v/meshes/WamV.png
[0.360s] -- Up-to-date: /home/pc/gazebo_maritime_ws/install/share/gazebo_maritime/models/wam-v/meshes/WAM-V-Base.dae
[0.360s] -- Up-to-date: /home/pc/gazebo_maritime_ws/install/share/gazebo_maritime/models/wam-v/meshes/engine.dae
[0.360s] -- Up-to-date: /home/pc/gazebo_maritime_ws/install/share/gazebo_maritime/worlds
[0.360s] -- Up-to-date: /home/pc/gazebo_maritime_ws/install/share/gazebo_maritime/worlds/sydney_regatta.sdf
[0.362s] Invoked command in '/home/pc/gazebo_maritime_ws/build/gazebo_maritime' returned '0': DEBUGINFOD_URLS=https://debuginfod.ubuntu.com /usr/bin/cmake --install /home/pc/gazebo_maritime_ws/build/gazebo_maritime
